0 info it worked if it ends with ok
1 verbose cli [ 'C:\\Program Files\\nodejs\\node.exe',
1 verbose cli   'C:\\Program Files\\nodejs\\node_modules\\npm\\bin\\npm-cli.js',
1 verbose cli   'run-script',
1 verbose cli   'start' ]
2 info using npm@3.7.5
3 info using node@v4.3.1
4 verbose run-script [ 'prestart', 'start', 'poststart' ]
5 info lifecycle node-express-api-boilerplate@0.0.1~prestart: node-express-api-boilerplate@0.0.1
6 silly lifecycle node-express-api-boilerplate@0.0.1~prestart: no script for prestart, continuing
7 info lifecycle node-express-api-boilerplate@0.0.1~start: node-express-api-boilerplate@0.0.1
8 verbose lifecycle node-express-api-boilerplate@0.0.1~start: unsafe-perm in lifecycle true
9 verbose lifecycle node-express-api-boilerplate@0.0.1~start: PATH: C:\Program Files\nodejs\node_modules\npm\bin\node-gyp-bin;C:\Users\mitch.abaza\Documents\Projects\survey\server\node_modules\.bin;C:\Program Files\nodejs;C:\ProgramData\Oracle\Java\javapath;C:\Program Files (x86)\Intel\iCLS Client\;C:\Program Files\Intel\iCLS Client\;C:\Windows\system32;C:\Windows;C:\Windows\System32\Wbem;C:\Windows\System32\WindowsPowerShell\v1.0\;C:\Program Files (x86)\Intel\Intel(R) Management Engine Components\DAL;C:\Program Files\Intel\Intel(R) Management Engine Components\DAL;C:\Program Files (x86)\Intel\Intel(R) Management Engine Components\IPT;C:\Program Files\Intel\Intel(R) Management Engine Components\IPT;%USERPROFILE%\.dnx\bin;C:\Program Files\Microsoft DNX\Dnvm\;C:\Program Files\nodejs\;C:\Program Files\Microsoft SQL Server\Client SDK\ODBC\110\Tools\Binn\;C:\Program Files (x86)\Microsoft SQL Server\120\Tools\Binn\;C:\Program Files\Microsoft SQL Server\120\Tools\Binn\;C:\Program Files\Microsoft SQL Server\120\DTS\Binn\;C:\Program Files (x86)\Microsoft SQL Server\120\Tools\Binn\ManagementStudio\;C:\Program Files (x86)\Microsoft SQL Server\120\DTS\Binn\;C:\Program Files (x86)\Lenovo\Password Manager\;C:\Program Files\TortoiseSVN\bin;C:\Program Files\TortoiseGit\bin;C:\Program Files (x86)\Skype\Phone\;C:\Program Files (x86)\Windows Kits\8.1\Windows Performance Toolkit\;C:\Program Files\Git\cmd;C:\Program Files\Microsoft\Web Platform Installer\;C:\Program Files (x86)\Heroku\bin;C:\Program Files (x86)\git\cmd;C:\Program Files (x86)\Git\cmd;C:\Users\mitch.abaza\AppData\Roaming\npm
10 verbose lifecycle node-express-api-boilerplate@0.0.1~start: CWD: C:\Users\mitch.abaza\Documents\Projects\survey\server
11 silly lifecycle node-express-api-boilerplate@0.0.1~start: Args: [ '/d /s /c', 'node ./www' ]
12 silly lifecycle node-express-api-boilerplate@0.0.1~start: Returned: code: 1  signal: null
13 info lifecycle node-express-api-boilerplate@0.0.1~start: Failed to exec start script
14 verbose stack Error: node-express-api-boilerplate@0.0.1 start: `node ./www`
14 verbose stack Exit status 1
14 verbose stack     at EventEmitter.<anonymous> (C:\Program Files\nodejs\node_modules\npm\lib\utils\lifecycle.js:239:16)
14 verbose stack     at emitTwo (events.js:87:13)
14 verbose stack     at EventEmitter.emit (events.js:172:7)
14 verbose stack     at ChildProcess.<anonymous> (C:\Program Files\nodejs\node_modules\npm\lib\utils\spawn.js:24:14)
14 verbose stack     at emitTwo (events.js:87:13)
14 verbose stack     at ChildProcess.emit (events.js:172:7)
14 verbose stack     at maybeClose (internal/child_process.js:821:16)
14 verbose stack     at Process.ChildProcess._handle.onexit (internal/child_process.js:211:5)
15 verbose pkgid node-express-api-boilerplate@0.0.1
16 verbose cwd C:\Users\mitch.abaza\Documents\Projects\survey\server
17 error Windows_NT 6.1.7601
18 error argv "C:\\Program Files\\nodejs\\node.exe" "C:\\Program Files\\nodejs\\node_modules\\npm\\bin\\npm-cli.js" "run-script" "start"
19 error node v4.3.1
20 error npm  v3.7.5
21 error code ELIFECYCLE
22 error node-express-api-boilerplate@0.0.1 start: `node ./www`
22 error Exit status 1
23 error Failed at the node-express-api-boilerplate@0.0.1 start script 'node ./www'.
23 error Make sure you have the latest version of node.js and npm installed.
23 error If you do, this is most likely a problem with the node-express-api-boilerplate package,
23 error not with npm itself.
23 error Tell the author that this fails on your system:
23 error     node ./www
23 error You can get information on how to open an issue for this project with:
23 error     npm bugs node-express-api-boilerplate
23 error Or if that isn't available, you can get their info via:
23 error     npm owner ls node-express-api-boilerplate
23 error There is likely additional logging output above.
24 verbose exit [ 1, true ]
